c:\users\g50\desktop\ppe\lab #3\lab3\lab3\debug\vc141.pdb
c:\users\g50\desktop\ppe\lab #3\lab3\lab3\debug\vc141.idb
c:\users\g50\desktop\ppe\lab #3\lab3\lab3\debug\lineclass.obj
c:\users\g50\desktop\ppe\lab #3\lab3\lab3\debug\main.obj
c:\users\g50\desktop\ppe\lab #3\lab3\lab3\debug\rectangleclass.obj
c:\users\g50\desktop\ppe\lab #3\lab3\lab3\debug\wndproc.obj
c:\users\g50\desktop\ppe\lab #3\lab3\lab3\debug\functions.obj
c:\users\g50\desktop\ppe\lab #3\lab3\lab3\debug\resource.res
c:\users\g50\desktop\ppe\lab #3\lab3\lab3\debug\wp-lab1-adv.res
c:\users\g50\desktop\ppe\lab #3\lab3\debug\lab3.pdb
c:\users\g50\desktop\ppe\lab #3\lab3\lab3\debug\lab3.tlog\cl.command.1.tlog
c:\users\g50\desktop\ppe\lab #3\lab3\lab3\debug\lab3.tlog\cl.read.1.tlog
c:\users\g50\desktop\ppe\lab #3\lab3\lab3\debug\lab3.tlog\cl.write.1.tlog
c:\users\g50\desktop\ppe\lab #3\lab3\lab3\debug\lab3.tlog\link-cvtres.read.1.tlog
c:\users\g50\desktop\ppe\lab #3\lab3\lab3\debug\lab3.tlog\link-cvtres.write.1.tlog
c:\users\g50\desktop\ppe\lab #3\lab3\lab3\debug\lab3.tlog\link-rc.read.1.tlog
c:\users\g50\desktop\ppe\lab #3\lab3\lab3\debug\lab3.tlog\link-rc.write.1.tlog
c:\users\g50\desktop\ppe\lab #3\lab3\lab3\debug\lab3.tlog\link.6652-cvtres.read.1.tlog
c:\users\g50\desktop\ppe\lab #3\lab3\lab3\debug\lab3.tlog\link.6652-cvtres.write.1.tlog
c:\users\g50\desktop\ppe\lab #3\lab3\lab3\debug\lab3.tlog\link.6652-rc.read.1.tlog
c:\users\g50\desktop\ppe\lab #3\lab3\lab3\debug\lab3.tlog\link.6652-rc.write.1.tlog
c:\users\g50\desktop\ppe\lab #3\lab3\lab3\debug\lab3.tlog\link.6652.read.1.tlog
c:\users\g50\desktop\ppe\lab #3\lab3\lab3\debug\lab3.tlog\link.6652.write.1.tlog
c:\users\g50\desktop\ppe\lab #3\lab3\lab3\debug\lab3.tlog\link.command.1.tlog
c:\users\g50\desktop\ppe\lab #3\lab3\lab3\debug\lab3.tlog\link.read.1.tlog
c:\users\g50\desktop\ppe\lab #3\lab3\lab3\debug\lab3.tlog\link.write.1.tlog
c:\users\g50\desktop\ppe\lab #3\lab3\lab3\debug\lab3.tlog\rc.command.1.tlog
c:\users\g50\desktop\ppe\lab #3\lab3\lab3\debug\lab3.tlog\rc.read.1.tlog
c:\users\g50\desktop\ppe\lab #3\lab3\lab3\debug\lab3.tlog\rc.write.1.tlog
